<?xml version="1.0" encoding="UTF-8"?>
<!-- Generated by org.testng.reporters.JUnitXMLReporter -->
<testsuite ignored="0" hostname="exe0028" failures="0" tests="5" name="Test" time="38.498" errors="0" timestamp="2022-03-14T11:35:56 IST">
  <testcase classname="com.truepush.testcases.TC_ProjectPage_001" name="ProjectPageTest_003" time="0.21"/>
  <testcase classname="com.truepush.testcases.TC_ProjectPage_001" name="ProjectPageTest_001" time="0.1"/>
  <testcase classname="com.truepush.testcases.TC_ProjectPage_001" name="ProjectPageTest_002" time="0.103"/>
  <testcase classname="com.truepush.testcases.TC_ProjectPage_001" name="ProjectPageTest_005" time="2.079"/>
  <testcase classname="com.truepush.testcases.TC_ProjectPage_001" name="ProjectPageTest_004" time="0.193"/>
</testsuite> <!-- Test -->
