<?xml version="1.0" encoding="UTF-8"?>
<testng-results ignored="0" total="5" passed="5" failed="0" skipped="0">
  <reporter-output>
  </reporter-output>
  <suite started-at="2022-03-14T11:35:17 IST" name="Suite" finished-at="2022-03-14T11:35:56 IST" duration-ms="38498">
    <groups>
    </groups>
    <test started-at="2022-03-14T11:35:17 IST" name="Test" finished-at="2022-03-14T11:35:56 IST" duration-ms="38498">
      <class name="com.truepush.testcases.TC_ProjectPage_001">
        <test-method is-config="true" signature="setUp()[pri:0, instance:com.truepush.testcases.TC_ProjectPage_001@647e447]" started-at="2022-03-14T11:35:17 IST" name="setUp" finished-at="2022-03-14T11:35:27 IST" duration-ms="9762" status="PASS">
          <reporter-output>
          </reporter-output>
        </test-method> <!-- setUp -->
        <test-method signature="ProjectPageTest_003()[pri:1, instance:com.truepush.testcases.TC_ProjectPage_001@647e447]" started-at="2022-03-14T11:35:27 IST" name="ProjectPageTest_003" finished-at="2022-03-14T11:35:27 IST" duration-ms="210" status="PASS">
          <reporter-output>
          </reporter-output>
        </test-method> <!-- ProjectPageTest_003 -->
        <test-method is-config="true" signature="tearDown()[pri:0, instance:com.truepush.testcases.TC_ProjectPage_001@647e447]" started-at="2022-03-14T11:35:27 IST" name="tearDown" finished-at="2022-03-14T11:35:28 IST" duration-ms="270" status="PASS">
          <reporter-output>
          </reporter-output>
        </test-method> <!-- tearDown -->
        <test-method is-config="true" signature="setUp()[pri:0, instance:com.truepush.testcases.TC_ProjectPage_001@647e447]" started-at="2022-03-14T11:35:28 IST" name="setUp" finished-at="2022-03-14T11:35:34 IST" duration-ms="6433" status="PASS">
          <reporter-output>
          </reporter-output>
        </test-method> <!-- setUp -->
        <test-method signature="ProjectPageTest_001()[pri:2, instance:com.truepush.testcases.TC_ProjectPage_001@647e447]" started-at="2022-03-14T11:35:34 IST" name="ProjectPageTest_001" finished-at="2022-03-14T11:35:34 IST" duration-ms="100" status="PASS">
          <reporter-output>
          </reporter-output>
        </test-method> <!-- ProjectPageTest_001 -->
        <test-method is-config="true" signature="tearDown()[pri:0, instance:com.truepush.testcases.TC_ProjectPage_001@647e447]" started-at="2022-03-14T11:35:34 IST" name="tearDown" finished-at="2022-03-14T11:35:34 IST" duration-ms="143" status="PASS">
          <reporter-output>
          </reporter-output>
        </test-method> <!-- tearDown -->
        <test-method is-config="true" signature="setUp()[pri:0, instance:com.truepush.testcases.TC_ProjectPage_001@647e447]" started-at="2022-03-14T11:35:34 IST" name="setUp" finished-at="2022-03-14T11:35:40 IST" duration-ms="6252" status="PASS">
          <reporter-output>
          </reporter-output>
        </test-method> <!-- setUp -->
        <test-method signature="ProjectPageTest_002()[pri:3, instance:com.truepush.testcases.TC_ProjectPage_001@647e447]" started-at="2022-03-14T11:35:40 IST" name="ProjectPageTest_002" finished-at="2022-03-14T11:35:41 IST" duration-ms="103" status="PASS">
          <reporter-output>
          </reporter-output>
        </test-method> <!-- ProjectPageTest_002 -->
        <test-method is-config="true" signature="tearDown()[pri:0, instance:com.truepush.testcases.TC_ProjectPage_001@647e447]" started-at="2022-03-14T11:35:41 IST" name="tearDown" finished-at="2022-03-14T11:35:41 IST" duration-ms="181" status="PASS">
          <reporter-output>
          </reporter-output>
        </test-method> <!-- tearDown -->
        <test-method is-config="true" signature="setUp()[pri:0, instance:com.truepush.testcases.TC_ProjectPage_001@647e447]" started-at="2022-03-14T11:35:41 IST" name="setUp" finished-at="2022-03-14T11:35:47 IST" duration-ms="6080" status="PASS">
          <reporter-output>
          </reporter-output>
        </test-method> <!-- setUp -->
        <test-method signature="ProjectPageTest_005()[pri:4, instance:com.truepush.testcases.TC_ProjectPage_001@647e447]" started-at="2022-03-14T11:35:47 IST" name="ProjectPageTest_005" finished-at="2022-03-14T11:35:49 IST" duration-ms="2079" status="PASS">
          <reporter-output>
          </reporter-output>
        </test-method> <!-- ProjectPageTest_005 -->
        <test-method is-config="true" signature="tearDown()[pri:0, instance:com.truepush.testcases.TC_ProjectPage_001@647e447]" started-at="2022-03-14T11:35:49 IST" name="tearDown" finished-at="2022-03-14T11:35:49 IST" duration-ms="76" status="PASS">
          <reporter-output>
          </reporter-output>
        </test-method> <!-- tearDown -->
        <test-method is-config="true" signature="setUp()[pri:0, instance:com.truepush.testcases.TC_ProjectPage_001@647e447]" started-at="2022-03-14T11:35:49 IST" name="setUp" finished-at="2022-03-14T11:35:55 IST" duration-ms="6327" status="PASS">
          <reporter-output>
          </reporter-output>
        </test-method> <!-- setUp -->
        <test-method signature="ProjectPageTest_004()[pri:5, instance:com.truepush.testcases.TC_ProjectPage_001@647e447]" started-at="2022-03-14T11:35:55 IST" name="ProjectPageTest_004" finished-at="2022-03-14T11:35:55 IST" duration-ms="193" status="PASS">
          <reporter-output>
          </reporter-output>
        </test-method> <!-- ProjectPageTest_004 -->
        <test-method is-config="true" signature="tearDown()[pri:0, instance:com.truepush.testcases.TC_ProjectPage_001@647e447]" started-at="2022-03-14T11:35:55 IST" name="tearDown" finished-at="2022-03-14T11:35:56 IST" duration-ms="221" status="PASS">
          <reporter-output>
          </reporter-output>
        </test-method> <!-- tearDown -->
      </class> <!-- com.truepush.testcases.TC_ProjectPage_001 -->
    </test> <!-- Test -->
  </suite> <!-- Suite -->
</testng-results>
